<?xml version="1.0" encoding="UTF-8"?>
<!-- Generated by org.testng.reporters.JUnitReportReporter -->
<testsuite hostname="DESKTOP-ADD52AV" failures="0" tests="2" name="qaclickacademy.RestApiTest" time="0.000" errors="0" timestamp="2020-07-01T22:37:22 IST" skipped="0">
  <testcase classname="qaclickacademy.RestApiTest" name="deleteTwitter" time="0.000"/>
  <system-out/>
  <testcase classname="qaclickacademy.RestApiTest" name="postJira" time="0.000"/>
  <system-out/>
</testsuite> <!-- qaclickacademy.RestApiTest -->
