<?xml version="1.0" encoding="UTF-8"?>
<!-- Generated by org.testng.reporters.JUnitReportReporter -->
<testsuite hostname="DESKTOP-ADD52AV" failures="0" tests="2" name="qaclickacademy.SeleniumTest" time="0.007" errors="0" timestamp="2020-07-01T22:37:22 IST" skipped="0">
  <testcase classname="qaclickacademy.SeleniumTest" name="BrowserAutomation" time="0.006"/>
  <system-out/>
  <testcase classname="qaclickacademy.SeleniumTest" name="elementsuI" time="0.001"/>
  <system-out/>
</testsuite> <!-- qaclickacademy.SeleniumTest -->
